stdio    D         file_stdio.c:110  file_stdio_fopen                 [   0.00000] opening C:\Users\alesegdia\phackman\build\Debug\allegro5.cfg r
system   D            wsystem.c:738  maybe_parent_dir                 [   0.00000] Also searching C:\Users\alesegdia\phackman\build\
system   D            wsystem.c:788  _al_win_safe_load_library        [   0.00000] PathFindOnPath found: C:\WINDOWS\system32\shcore.dll
system   D            wsystem.c:699  load_library_at_path             [   0.00000] Calling LoadLibrary C:\WINDOWS\system32\shcore.dll
system   I            wsystem.c:702  load_library_at_path             [   0.00000] Loaded C:\WINDOWS\system32\shcore.dll
system   I             system.c:264  al_install_system                [   0.00000] Allegro version: 5.2.4
audio-dsound I           dsound.cpp:271  _dsound_open                     [   0.00024] Starting DirectSound...
audio-dsound D           dsound.cpp:280  _dsound_open                     [   0.06991] DirectSoundCreate8 succeeded
audio-dsound I           dsound.cpp:73   get_window                       [   0.06996] Using desktop window: 00010010
audio    I              audio.c:347  do_install_audio                 [   0.07008] Using DirectSound driver
system   D            wsystem.c:738  maybe_parent_dir                 [   0.07027] Also searching C:\Users\alesegdia\phackman\build\
system   D            wsystem.c:788  _al_win_safe_load_library        [   0.07051] PathFindOnPath found: C:\WINDOWS\system32\d3d9.dll
system   D            wsystem.c:699  load_library_at_path             [   0.07054] Calling LoadLibrary C:\WINDOWS\system32\d3d9.dll
system   I            wsystem.c:702  load_library_at_path             [   0.07899] Loaded C:\WINDOWS\system32\d3d9.dll
d3d      I         d3d_disp.cpp:674  d3d_init_display                 [   0.16190] Render-to-texture: 1
d3d      I         d3d_disp.cpp:1768 d3d_create_display_locked        [   0.16385] faux_fullscreen=0
d3d      D         d3d_disp.cpp:1769 d3d_create_display_locked        [   0.16389] al_display=03037840
d3d      D         d3d_disp.cpp:1770 d3d_create_display_locked        [   0.16391] al_display->vt=03011318
d3d      I d3d_display_formats.cpp:144  _al_d3d_generate_display_format_list [   0.17947] found 160 format combinations
display  D   display_settings.c:212  debug_display_settings           [   0.17952] color: 32 (rgba 8880), depth: 0, stencil: 0, acc: 0000, samples: 0/0
display  D   display_settings.c:527  _al_score_display_settings       [   0.17959] Score is : 897
display  D   display_settings.c:212  debug_display_settings           [   0.17963] color: 32 (rgba 8880), depth: 0, stencil: 0, acc: 0000, samples: 0/0
display  D   display_settings.c:527  _al_score_display_settings       [   0.17966] Score is : 897
display  D   display_settings.c:212  debug_display_settings           [   0.17967] color: 32 (rgba 8880), depth: 0, stencil: 0, acc: 0000, samples: 2/1
display  D   display_settings.c:527  _al_score_display_settings       [   0.17970] Score is : 726
display  D   display_settings.c:212  debug_display_settings           [   0.17971] color: 32 (rgba 8880), depth: 0, stencil: 0, acc: 0000, samples: 3/1
display  D   display_settings.c:527  _al_score_display_settings       [   0.17974] Score is : 721
display  D   display_settings.c:212  debug_display_settings           [   0.17975] color: 32 (rgba 8880), depth: 0, stencil: 0, acc: 0000, samples: 4/1
display  D   display_settings.c:527  _al_score_display_settings       [   0.17978] Score is : 717
display  D   display_settings.c:212  debug_display_settings           [   0.17979] color: 32 (rgba 8880), depth: 24, stencil: 8, acc: 0000, samples: 0/0
display  D   display_settings.c:527  _al_score_display_settings       [   0.17989] Score is : 897
display  D   display_settings.c:212  debug_display_settings           [   0.17994] color: 32 (rgba 8880), depth: 24, stencil: 8, acc: 0000, samples: 0/0
display  D   display_settings.c:527  _al_score_display_settings       [   0.17996] Score is : 897
display  D   display_settings.c:212  debug_display_settings           [   0.18001] color: 32 (rgba 8880), depth: 24, stencil: 8, acc: 0000, samples: 2/1
display  D   display_settings.c:527  _al_score_display_settings       [   0.18012] Score is : 726
display  D   display_settings.c:212  debug_display_settings           [   0.18015] color: 32 (rgba 8880), depth: 24, stencil: 8, acc: 0000, samples: 3/1
display  D   display_settings.c:527  _al_score_display_settings       [   0.18017] Score is : 721
display  D   display_settings.c:212  debug_display_settings           [   0.18019] color: 32 (rgba 8880), depth: 24, stencil: 8, acc: 0000, samples: 4/1
display  D   display_settings.c:527  _al_score_display_settings       [   0.18023] Score is : 717
display  D   display_settings.c:212  debug_display_settings           [   0.18025] color: 32 (rgba 8880), depth: 24, stencil: 0, acc: 0000, samples: 0/0
display  D   display_settings.c:527  _al_score_display_settings       [   0.18027] Score is : 897
display  D   display_settings.c:212  debug_display_settings           [   0.18029] color: 32 (rgba 8880), depth: 24, stencil: 0, acc: 0000, samples: 0/0
display  D   display_settings.c:527  _al_score_display_settings       [   0.18057] Score is : 897
display  D   display_settings.c:212  debug_display_settings           [   0.18059] color: 32 (rgba 8880), depth: 24, stencil: 0, acc: 0000, samples: 2/1
display  D   display_settings.c:527  _al_score_display_settings       [   0.18062] Score is : 726
display  D   display_settings.c:212  debug_display_settings           [   0.18063] color: 32 (rgba 8880), depth: 24, stencil: 0, acc: 0000, samples: 3/1
display  D   display_settings.c:527  _al_score_display_settings       [   0.18065] Score is : 721
display  D   display_settings.c:212  debug_display_settings           [   0.18067] color: 32 (rgba 8880), depth: 24, stencil: 0, acc: 0000, samples: 4/1
display  D   display_settings.c:527  _al_score_display_settings       [   0.18069] Score is : 717
display  D   display_settings.c:212  debug_display_settings           [   0.18071] color: 32 (rgba 8880), depth: 16, stencil: 0, acc: 0000, samples: 0/0
display  D   display_settings.c:527  _al_score_display_settings       [   0.18073] Score is : 897
display  D   display_settings.c:212  debug_display_settings           [   0.18075] color: 32 (rgba 8880), depth: 16, stencil: 0, acc: 0000, samples: 0/0
display  D   display_settings.c:527  _al_score_display_settings       [   0.18077] Score is : 897
display  D   display_settings.c:212  debug_display_settings           [   0.18079] color: 32 (rgba 8880), depth: 16, stencil: 0, acc: 0000, samples: 2/1
display  D   display_settings.c:527  _al_score_display_settings       [   0.18081] Score is : 726
display  D   display_settings.c:212  debug_display_settings           [   0.18190] color: 32 (rgba 8880), depth: 16, stencil: 0, acc: 0000, samples: 3/1
display  D   display_settings.c:527  _al_score_display_settings       [   0.18194] Score is : 721
display  D   display_settings.c:212  debug_display_settings           [   0.18196] color: 32 (rgba 8880), depth: 16, stencil: 0, acc: 0000, samples: 4/1
display  D   display_settings.c:527  _al_score_display_settings       [   0.18198] Score is : 717
display  D   display_settings.c:212  debug_display_settings           [   0.18200] color: 16 (rgba 5650), depth: 0, stencil: 0, acc: 0000, samples: 0/0
display  D   display_settings.c:527  _al_score_display_settings       [   0.18202] Score is : 897
display  D   display_settings.c:212  debug_display_settings           [   0.18204] color: 16 (rgba 5650), depth: 0, stencil: 0, acc: 0000, samples: 0/0
display  D   display_settings.c:527  _al_score_display_settings       [   0.18206] Score is : 897
display  D   display_settings.c:212  debug_display_settings           [   0.18207] color: 16 (rgba 5650), depth: 0, stencil: 0, acc: 0000, samples: 2/1
display  D   display_settings.c:527  _al_score_display_settings       [   0.18210] Score is : 726
display  D   display_settings.c:212  debug_display_settings           [   0.18211] color: 16 (rgba 5650), depth: 0, stencil: 0, acc: 0000, samples: 3/1
display  D   display_settings.c:527  _al_score_display_settings       [   0.18214] Score is : 721
display  D   display_settings.c:212  debug_display_settings           [   0.18216] color: 16 (rgba 5650), depth: 0, stencil: 0, acc: 0000, samples: 4/1
display  D   display_settings.c:527  _al_score_display_settings       [   0.18218] Score is : 717
display  D   display_settings.c:212  debug_display_settings           [   0.18220] color: 16 (rgba 5650), depth: 24, stencil: 8, acc: 0000, samples: 0/0
display  D   display_settings.c:527  _al_score_display_settings       [   0.18222] Score is : 897
display  D   display_settings.c:212  debug_display_settings           [   0.18224] color: 16 (rgba 5650), depth: 24, stencil: 8, acc: 0000, samples: 0/0
display  D   display_settings.c:527  _al_score_display_settings       [   0.18226] Score is : 897
display  D   display_settings.c:212  debug_display_settings           [   0.18228] color: 16 (rgba 5650), depth: 24, stencil: 8, acc: 0000, samples: 2/1
display  D   display_settings.c:527  _al_score_display_settings       [   0.18230] Score is : 726
display  D   display_settings.c:212  debug_display_settings           [   0.18232] color: 16 (rgba 5650), depth: 24, stencil: 8, acc: 0000, samples: 3/1
display  D   display_settings.c:527  _al_score_display_settings       [   0.18234] Score is : 721
display  D   display_settings.c:212  debug_display_settings           [   0.18236] color: 16 (rgba 5650), depth: 24, stencil: 8, acc: 0000, samples: 4/1
display  D   display_settings.c:527  _al_score_display_settings       [   0.18238] Score is : 717
display  D   display_settings.c:212  debug_display_settings           [   0.18240] color: 16 (rgba 5650), depth: 24, stencil: 0, acc: 0000, samples: 0/0
display  D   display_settings.c:527  _al_score_display_settings       [   0.18242] Score is : 897
display  D   display_settings.c:212  debug_display_settings           [   0.18244] color: 16 (rgba 5650), depth: 24, stencil: 0, acc: 0000, samples: 0/0
display  D   display_settings.c:527  _al_score_display_settings       [   0.18246] Score is : 897
display  D   display_settings.c:212  debug_display_settings           [   0.18248] color: 16 (rgba 5650), depth: 24, stencil: 0, acc: 0000, samples: 2/1
display  D   display_settings.c:527  _al_score_display_settings       [   0.18250] Score is : 726
display  D   display_settings.c:212  debug_display_settings           [   0.18252] color: 16 (rgba 5650), depth: 24, stencil: 0, acc: 0000, samples: 3/1
display  D   display_settings.c:527  _al_score_display_settings       [   0.18254] Score is : 721
display  D   display_settings.c:212  debug_display_settings           [   0.18256] color: 16 (rgba 5650), depth: 24, stencil: 0, acc: 0000, samples: 4/1
display  D   display_settings.c:527  _al_score_display_settings       [   0.18258] Score is : 717
display  D   display_settings.c:212  debug_display_settings           [   0.18259] color: 16 (rgba 5650), depth: 16, stencil: 0, acc: 0000, samples: 0/0
display  D   display_settings.c:527  _al_score_display_settings       [   0.18262] Score is : 897
display  D   display_settings.c:212  debug_display_settings           [   0.18263] color: 16 (rgba 5650), depth: 16, stencil: 0, acc: 0000, samples: 0/0
display  D   display_settings.c:527  _al_score_display_settings       [   0.18266] Score is : 897
display  D   display_settings.c:212  debug_display_settings           [   0.18267] color: 16 (rgba 5650), depth: 16, stencil: 0, acc: 0000, samples: 2/1
display  D   display_settings.c:527  _al_score_display_settings       [   0.18270] Score is : 726
display  D   display_settings.c:212  debug_display_settings           [   0.18271] color: 16 (rgba 5650), depth: 16, stencil: 0, acc: 0000, samples: 3/1
display  D   display_settings.c:527  _al_score_display_settings       [   0.18274] Score is : 721
display  D   display_settings.c:212  debug_display_settings           [   0.18275] color: 16 (rgba 5650), depth: 16, stencil: 0, acc: 0000, samples: 4/1
display  D   display_settings.c:527  _al_score_display_settings       [   0.18278] Score is : 717
display  D   display_settings.c:212  debug_display_settings           [   0.18280] color: 32 (rgba 8880), depth: 0, stencil: 0, acc: 0000, samples: 0/0
display  D   display_settings.c:398  _al_score_display_settings       [   0.18282] Single Buffer requirement not met.
display  D   display_settings.c:212  debug_display_settings           [   0.18284] color: 32 (rgba 8880), depth: 0, stencil: 0, acc: 0000, samples: 0/0
display  D   display_settings.c:398  _al_score_display_settings       [   0.18286] Single Buffer requirement not met.
display  D   display_settings.c:212  debug_display_settings           [   0.18288] color: 32 (rgba 8880), depth: 0, stencil: 0, acc: 0000, samples: 2/1
display  D   display_settings.c:398  _al_score_display_settings       [   0.18290] Single Buffer requirement not met.
display  D   display_settings.c:212  debug_display_settings           [   0.18292] color: 32 (rgba 8880), depth: 0, stencil: 0, acc: 0000, samples: 3/1
display  D   display_settings.c:398  _al_score_display_settings       [   0.18294] Single Buffer requirement not met.
display  D   display_settings.c:212  debug_display_settings           [   0.18296] color: 32 (rgba 8880), depth: 0, stencil: 0, acc: 0000, samples: 4/1
display  D   display_settings.c:398  _al_score_display_settings       [   0.18302] Single Buffer requirement not met.
display  D   display_settings.c:212  debug_display_settings           [   0.18304] color: 32 (rgba 8880), depth: 24, stencil: 8, acc: 0000, samples: 0/0
display  D   display_settings.c:398  _al_score_display_settings       [   0.18307] Single Buffer requirement not met.
display  D   display_settings.c:212  debug_display_settings           [   0.18308] color: 32 (rgba 8880), depth: 24, stencil: 8, acc: 0000, samples: 0/0
display  D   display_settings.c:398  _al_score_display_settings       [   0.18311] Single Buffer requirement not met.
display  D   display_settings.c:212  debug_display_settings           [   0.18312] color: 32 (rgba 8880), depth: 24, stencil: 8, acc: 0000, samples: 2/1
display  D   display_settings.c:398  _al_score_display_settings       [   0.18315] Single Buffer requirement not met.
display  D   display_settings.c:212  debug_display_settings           [   0.18316] color: 32 (rgba 8880), depth: 24, stencil: 8, acc: 0000, samples: 3/1
display  D   display_settings.c:398  _al_score_display_settings       [   0.18319] Single Buffer requirement not met.
display  D   display_settings.c:212  debug_display_settings           [   0.18320] color: 32 (rgba 8880), depth: 24, stencil: 8, acc: 0000, samples: 4/1
display  D   display_settings.c:398  _al_score_display_settings       [   0.18323] Single Buffer requirement not met.
display  D   display_settings.c:212  debug_display_settings           [   0.18324] color: 32 (rgba 8880), depth: 24, stencil: 0, acc: 0000, samples: 0/0
display  D   display_settings.c:398  _al_score_display_settings       [   0.18327] Single Buffer requirement not met.
display  D   display_settings.c:212  debug_display_settings           [   0.18328] color: 32 (rgba 8880), depth: 24, stencil: 0, acc: 0000, samples: 0/0
display  D   display_settings.c:398  _al_score_display_settings       [   0.18331] Single Buffer requirement not met.
display  D   display_settings.c:212  debug_display_settings           [   0.18333] color: 32 (rgba 8880), depth: 24, stencil: 0, acc: 0000, samples: 2/1
display  D   display_settings.c:398  _al_score_display_settings       [   0.18335] Single Buffer requirement not met.
display  D   display_settings.c:212  debug_display_settings           [   0.18337] color: 32 (rgba 8880), depth: 24, stencil: 0, acc: 0000, samples: 3/1
display  D   display_settings.c:398  _al_score_display_settings       [   0.18339] Single Buffer requirement not met.
display  D   display_settings.c:212  debug_display_settings           [   0.18341] color: 32 (rgba 8880), depth: 24, stencil: 0, acc: 0000, samples: 4/1
display  D   display_settings.c:398  _al_score_display_settings       [   0.18343] Single Buffer requirement not met.
display  D   display_settings.c:212  debug_display_settings           [   0.18349] color: 32 (rgba 8880), depth: 16, stencil: 0, acc: 0000, samples: 0/0
display  D   display_settings.c:398  _al_score_display_settings       [   0.18352] Single Buffer requirement not met.
display  D   display_settings.c:212  debug_display_settings           [   0.18354] color: 32 (rgba 8880), depth: 16, stencil: 0, acc: 0000, samples: 0/0
display  D   display_settings.c:398  _al_score_display_settings       [   0.18356] Single Buffer requirement not met.
display  D   display_settings.c:212  debug_display_settings           [   0.18358] color: 32 (rgba 8880), depth: 16, stencil: 0, acc: 0000, samples: 2/1
display  D   display_settings.c:398  _al_score_display_settings       [   0.18360] Single Buffer requirement not met.
display  D   display_settings.c:212  debug_display_settings           [   0.18362] color: 32 (rgba 8880), depth: 16, stencil: 0, acc: 0000, samples: 3/1
display  D   display_settings.c:398  _al_score_display_settings       [   0.18364] Single Buffer requirement not met.
display  D   display_settings.c:212  debug_display_settings           [   0.18366] color: 32 (rgba 8880), depth: 16, stencil: 0, acc: 0000, samples: 4/1
display  D   display_settings.c:398  _al_score_display_settings       [   0.18368] Single Buffer requirement not met.
display  D   display_settings.c:212  debug_display_settings           [   0.18370] color: 16 (rgba 5650), depth: 0, stencil: 0, acc: 0000, samples: 0/0
display  D   display_settings.c:398  _al_score_display_settings       [   0.18372] Single Buffer requirement not met.
display  D   display_settings.c:212  debug_display_settings           [   0.18374] color: 16 (rgba 5650), depth: 0, stencil: 0, acc: 0000, samples: 0/0
display  D   display_settings.c:398  _al_score_display_settings       [   0.18376] Single Buffer requirement not met.
display  D   display_settings.c:212  debug_display_settings           [   0.18378] color: 16 (rgba 5650), depth: 0, stencil: 0, acc: 0000, samples: 2/1
display  D   display_settings.c:398  _al_score_display_settings       [   0.18380] Single Buffer requirement not met.
display  D   display_settings.c:212  debug_display_settings           [   0.18382] color: 16 (rgba 5650), depth: 0, stencil: 0, acc: 0000, samples: 3/1
display  D   display_settings.c:398  _al_score_display_settings       [   0.18384] Single Buffer requirement not met.
display  D   display_settings.c:212  debug_display_settings           [   0.18386] color: 16 (rgba 5650), depth: 0, stencil: 0, acc: 0000, samples: 4/1
display  D   display_settings.c:398  _al_score_display_settings       [   0.18388] Single Buffer requirement not met.
display  D   display_settings.c:212  debug_display_settings           [   0.18390] color: 16 (rgba 5650), depth: 24, stencil: 8, acc: 0000, samples: 0/0
display  D   display_settings.c:398  _al_score_display_settings       [   0.18392] Single Buffer requirement not met.
display  D   display_settings.c:212  debug_display_settings           [   0.18394] color: 16 (rgba 5650), depth: 24, stencil: 8, acc: 0000, samples: 0/0
display  D   display_settings.c:398  _al_score_display_settings       [   0.18396] Single Buffer requirement not met.
display  D   display_settings.c:212  debug_display_settings           [   0.18398] color: 16 (rgba 5650), depth: 24, stencil: 8, acc: 0000, samples: 2/1
display  D   display_settings.c:398  _al_score_display_settings       [   0.18400] Single Buffer requirement not met.
display  D   display_settings.c:212  debug_display_settings           [   0.18402] color: 16 (rgba 5650), depth: 24, stencil: 8, acc: 0000, samples: 3/1
display  D   display_settings.c:398  _al_score_display_settings       [   0.18404] Single Buffer requirement not met.
display  D   display_settings.c:212  debug_display_settings           [   0.18406] color: 16 (rgba 5650), depth: 24, stencil: 8, acc: 0000, samples: 4/1
display  D   display_settings.c:398  _al_score_display_settings       [   0.18408] Single Buffer requirement not met.
display  D   display_settings.c:212  debug_display_settings           [   0.18411] color: 16 (rgba 5650), depth: 24, stencil: 0, acc: 0000, samples: 0/0
display  D   display_settings.c:398  _al_score_display_settings       [   0.18414] Single Buffer requirement not met.
display  D   display_settings.c:212  debug_display_settings           [   0.18419] color: 16 (rgba 5650), depth: 24, stencil: 0, acc: 0000, samples: 0/0
display  D   display_settings.c:398  _al_score_display_settings       [   0.18422] Single Buffer requirement not met.
display  D   display_settings.c:212  debug_display_settings           [   0.18424] color: 16 (rgba 5650), depth: 24, stencil: 0, acc: 0000, samples: 2/1
display  D   display_settings.c:398  _al_score_display_settings       [   0.18426] Single Buffer requirement not met.
display  D   display_settings.c:212  debug_display_settings           [   0.18428] color: 16 (rgba 5650), depth: 24, stencil: 0, acc: 0000, samples: 3/1
display  D   display_settings.c:398  _al_score_display_settings       [   0.18430] Single Buffer requirement not met.
display  D   display_settings.c:212  debug_display_settings           [   0.18432] color: 16 (rgba 5650), depth: 24, stencil: 0, acc: 0000, samples: 4/1
display  D   display_settings.c:398  _al_score_display_settings       [   0.18435] Single Buffer requirement not met.
display  D   display_settings.c:212  debug_display_settings           [   0.18437] color: 16 (rgba 5650), depth: 16, stencil: 0, acc: 0000, samples: 0/0
display  D   display_settings.c:398  _al_score_display_settings       [   0.18439] Single Buffer requirement not met.
display  D   display_settings.c:212  debug_display_settings           [   0.18441] color: 16 (rgba 5650), depth: 16, stencil: 0, acc: 0000, samples: 0/0
display  D   display_settings.c:398  _al_score_display_settings       [   0.18443] Single Buffer requirement not met.
display  D   display_settings.c:212  debug_display_settings           [   0.18445] color: 16 (rgba 5650), depth: 16, stencil: 0, acc: 0000, samples: 2/1
display  D   display_settings.c:398  _al_score_display_settings       [   0.18447] Single Buffer requirement not met.
display  D   display_settings.c:212  debug_display_settings           [   0.18448] color: 16 (rgba 5650), depth: 16, stencil: 0, acc: 0000, samples: 3/1
display  D   display_settings.c:398  _al_score_display_settings       [   0.18451] Single Buffer requirement not met.
display  D   display_settings.c:212  debug_display_settings           [   0.18452] color: 16 (rgba 5650), depth: 16, stencil: 0, acc: 0000, samples: 4/1
display  D   display_settings.c:398  _al_score_display_settings       [   0.18455] Single Buffer requirement not met.
display  D   display_settings.c:212  debug_display_settings           [   0.18456] color: 32 (rgba 8880), depth: 0, stencil: 0, acc: 0000, samples: 0/0
display  D   display_settings.c:527  _al_score_display_settings       [   0.18459] Score is : 769
display  D   display_settings.c:212  debug_display_settings           [   0.18461] color: 32 (rgba 8880), depth: 0, stencil: 0, acc: 0000, samples: 0/0
display  D   display_settings.c:527  _al_score_display_settings       [   0.18463] Score is : 769
display  D   display_settings.c:212  debug_display_settings           [   0.18465] color: 32 (rgba 8880), depth: 0, stencil: 0, acc: 0000, samples: 2/1
display  D   display_settings.c:527  _al_score_display_settings       [   0.18467] Score is : 598
display  D   display_settings.c:212  debug_display_settings           [   0.18468] color: 32 (rgba 8880), depth: 0, stencil: 0, acc: 0000, samples: 3/1
display  D   display_settings.c:527  _al_score_display_settings       [   0.18471] Score is : 593
display  D   display_settings.c:212  debug_display_settings           [   0.18472] color: 32 (rgba 8880), depth: 0, stencil: 0, acc: 0000, samples: 4/1
display  D   display_settings.c:527  _al_score_display_settings       [   0.18474] Score is : 589
display  D   display_settings.c:212  debug_display_settings           [   0.18476] color: 32 (rgba 8880), depth: 24, stencil: 8, acc: 0000, samples: 0/0
display  D   display_settings.c:527  _al_score_display_settings       [   0.18479] Score is : 769
display  D   display_settings.c:212  debug_display_settings           [   0.18480] color: 32 (rgba 8880), depth: 24, stencil: 8, acc: 0000, samples: 0/0
display  D   display_settings.c:527  _al_score_display_settings       [   0.18483] Score is : 769
display  D   display_settings.c:212  debug_display_settings           [   0.18485] color: 32 (rgba 8880), depth: 24, stencil: 8, acc: 0000, samples: 2/1
display  D   display_settings.c:527  _al_score_display_settings       [   0.18487] Score is : 598
display  D   display_settings.c:212  debug_display_settings           [   0.18489] color: 32 (rgba 8880), depth: 24, stencil: 8, acc: 0000, samples: 3/1
display  D   display_settings.c:527  _al_score_display_settings       [   0.18491] Score is : 593
display  D   display_settings.c:212  debug_display_settings           [   0.18493] color: 32 (rgba 8880), depth: 24, stencil: 8, acc: 0000, samples: 4/1
display  D   display_settings.c:527  _al_score_display_settings       [   0.18495] Score is : 589
display  D   display_settings.c:212  debug_display_settings           [   0.18497] color: 32 (rgba 8880), depth: 24, stencil: 0, acc: 0000, samples: 0/0
display  D   display_settings.c:527  _al_score_display_settings       [   0.18499] Score is : 769
display  D   display_settings.c:212  debug_display_settings           [   0.18501] color: 32 (rgba 8880), depth: 24, stencil: 0, acc: 0000, samples: 0/0
display  D   display_settings.c:527  _al_score_display_settings       [   0.18503] Score is : 769
display  D   display_settings.c:212  debug_display_settings           [   0.18505] color: 32 (rgba 8880), depth: 24, stencil: 0, acc: 0000, samples: 2/1
display  D   display_settings.c:527  _al_score_display_settings       [   0.18507] Score is : 598
display  D   display_settings.c:212  debug_display_settings           [   0.18509] color: 32 (rgba 8880), depth: 24, stencil: 0, acc: 0000, samples: 3/1
display  D   display_settings.c:527  _al_score_display_settings       [   0.18511] Score is : 593
display  D   display_settings.c:212  debug_display_settings           [   0.18513] color: 32 (rgba 8880), depth: 24, stencil: 0, acc: 0000, samples: 4/1
display  D   display_settings.c:527  _al_score_display_settings       [   0.18515] Score is : 589
display  D   display_settings.c:212  debug_display_settings           [   0.18516] color: 32 (rgba 8880), depth: 16, stencil: 0, acc: 0000, samples: 0/0
display  D   display_settings.c:527  _al_score_display_settings       [   0.18519] Score is : 769
display  D   display_settings.c:212  debug_display_settings           [   0.18520] color: 32 (rgba 8880), depth: 16, stencil: 0, acc: 0000, samples: 0/0
display  D   display_settings.c:527  _al_score_display_settings       [   0.18523] Score is : 769
display  D   display_settings.c:212  debug_display_settings           [   0.18524] color: 32 (rgba 8880), depth: 16, stencil: 0, acc: 0000, samples: 2/1
display  D   display_settings.c:527  _al_score_display_settings       [   0.18526] Score is : 598
display  D   display_settings.c:212  debug_display_settings           [   0.18528] color: 32 (rgba 8880), depth: 16, stencil: 0, acc: 0000, samples: 3/1
display  D   display_settings.c:527  _al_score_display_settings       [   0.18530] Score is : 593
display  D   display_settings.c:212  debug_display_settings           [   0.18532] color: 32 (rgba 8880), depth: 16, stencil: 0, acc: 0000, samples: 4/1
display  D   display_settings.c:527  _al_score_display_settings       [   0.18534] Score is : 589
display  D   display_settings.c:212  debug_display_settings           [   0.18536] color: 16 (rgba 5650), depth: 0, stencil: 0, acc: 0000, samples: 0/0
display  D   display_settings.c:527  _al_score_display_settings       [   0.18538] Score is : 769
display  D   display_settings.c:212  debug_display_settings           [   0.18540] color: 16 (rgba 5650), depth: 0, stencil: 0, acc: 0000, samples: 0/0
display  D   display_settings.c:527  _al_score_display_settings       [   0.18543] Score is : 769
display  D   display_settings.c:212  debug_display_settings           [   0.18544] color: 16 (rgba 5650), depth: 0, stencil: 0, acc: 0000, samples: 2/1
display  D   display_settings.c:527  _al_score_display_settings       [   0.18547] Score is : 598
display  D   display_settings.c:212  debug_display_settings           [   0.18553] color: 16 (rgba 5650), depth: 0, stencil: 0, acc: 0000, samples: 3/1
display  D   display_settings.c:527  _al_score_display_settings       [   0.18558] Score is : 593
display  D   display_settings.c:212  debug_display_settings           [   0.18560] color: 16 (rgba 5650), depth: 0, stencil: 0, acc: 0000, samples: 4/1
display  D   display_settings.c:527  _al_score_display_settings       [   0.18562] Score is : 589
display  D   display_settings.c:212  debug_display_settings           [   0.18564] color: 16 (rgba 5650), depth: 24, stencil: 8, acc: 0000, samples: 0/0
display  D   display_settings.c:527  _al_score_display_settings       [   0.18566] Score is : 769
display  D   display_settings.c:212  debug_display_settings           [   0.18568] color: 16 (rgba 5650), depth: 24, stencil: 8, acc: 0000, samples: 0/0
display  D   display_settings.c:527  _al_score_display_settings       [   0.18570] Score is : 769
display  D   display_settings.c:212  debug_display_settings           [   0.18572] color: 16 (rgba 5650), depth: 24, stencil: 8, acc: 0000, samples: 2/1
display  D   display_settings.c:527  _al_score_display_settings       [   0.18574] Score is : 598
display  D   display_settings.c:212  debug_display_settings           [   0.18576] color: 16 (rgba 5650), depth: 24, stencil: 8, acc: 0000, samples: 3/1
display  D   display_settings.c:527  _al_score_display_settings       [   0.18578] Score is : 593
display  D   display_settings.c:212  debug_display_settings           [   0.18580] color: 16 (rgba 5650), depth: 24, stencil: 8, acc: 0000, samples: 4/1
display  D   display_settings.c:527  _al_score_display_settings       [   0.18582] Score is : 589
display  D   display_settings.c:212  debug_display_settings           [   0.18584] color: 16 (rgba 5650), depth: 24, stencil: 0, acc: 0000, samples: 0/0
display  D   display_settings.c:527  _al_score_display_settings       [   0.18586] Score is : 769
display  D   display_settings.c:212  debug_display_settings           [   0.18588] color: 16 (rgba 5650), depth: 24, stencil: 0, acc: 0000, samples: 0/0
display  D   display_settings.c:527  _al_score_display_settings       [   0.18590] Score is : 769
display  D   display_settings.c:212  debug_display_settings           [   0.18592] color: 16 (rgba 5650), depth: 24, stencil: 0, acc: 0000, samples: 2/1
display  D   display_settings.c:527  _al_score_display_settings       [   0.18594] Score is : 598
display  D   display_settings.c:212  debug_display_settings           [   0.18596] color: 16 (rgba 5650), depth: 24, stencil: 0, acc: 0000, samples: 3/1
display  D   display_settings.c:527  _al_score_display_settings       [   0.18598] Score is : 593
display  D   display_settings.c:212  debug_display_settings           [   0.18600] color: 16 (rgba 5650), depth: 24, stencil: 0, acc: 0000, samples: 4/1
display  D   display_settings.c:527  _al_score_display_settings       [   0.18602] Score is : 589
display  D   display_settings.c:212  debug_display_settings           [   0.18604] color: 16 (rgba 5650), depth: 16, stencil: 0, acc: 0000, samples: 0/0
display  D   display_settings.c:527  _al_score_display_settings       [   0.18606] Score is : 769
display  D   display_settings.c:212  debug_display_settings           [   0.18608] color: 16 (rgba 5650), depth: 16, stencil: 0, acc: 0000, samples: 0/0
display  D   display_settings.c:527  _al_score_display_settings       [   0.18610] Score is : 769
display  D   display_settings.c:212  debug_display_settings           [   0.18612] color: 16 (rgba 5650), depth: 16, stencil: 0, acc: 0000, samples: 2/1
display  D   display_settings.c:527  _al_score_display_settings       [   0.18618] Score is : 598
display  D   display_settings.c:212  debug_display_settings           [   0.18620] color: 16 (rgba 5650), depth: 16, stencil: 0, acc: 0000, samples: 3/1
display  D   display_settings.c:527  _al_score_display_settings       [   0.18622] Score is : 593
display  D   display_settings.c:212  debug_display_settings           [   0.18624] color: 16 (rgba 5650), depth: 16, stencil: 0, acc: 0000, samples: 4/1
display  D   display_settings.c:527  _al_score_display_settings       [   0.18626] Score is : 589
display  D   display_settings.c:212  debug_display_settings           [   0.18628] color: 32 (rgba 8880), depth: 0, stencil: 0, acc: 0000, samples: 0/0
display  D   display_settings.c:398  _al_score_display_settings       [   0.18630] Single Buffer requirement not met.
display  D   display_settings.c:212  debug_display_settings           [   0.18632] color: 32 (rgba 8880), depth: 0, stencil: 0, acc: 0000, samples: 0/0
display  D   display_settings.c:398  _al_score_display_settings       [   0.18634] Single Buffer requirement not met.
display  D   display_settings.c:212  debug_display_settings           [   0.18637] color: 32 (rgba 8880), depth: 0, stencil: 0, acc: 0000, samples: 2/1
display  D   display_settings.c:398  _al_score_display_settings       [   0.18640] Single Buffer requirement not met.
display  D   display_settings.c:212  debug_display_settings           [   0.18671] color: 32 (rgba 8880), depth: 0, stencil: 0, acc: 0000, samples: 3/1
display  D   display_settings.c:398  _al_score_display_settings       [   0.18674] Single Buffer requirement not met.
display  D   display_settings.c:212  debug_display_settings           [   0.18676] color: 32 (rgba 8880), depth: 0, stencil: 0, acc: 0000, samples: 4/1
display  D   display_settings.c:398  _al_score_display_settings       [   0.18679] Single Buffer requirement not met.
display  D   display_settings.c:212  debug_display_settings           [   0.18680] color: 32 (rgba 8880), depth: 24, stencil: 8, acc: 0000, samples: 0/0
display  D   display_settings.c:398  _al_score_display_settings       [   0.18683] Single Buffer requirement not met.
display  D   display_settings.c:212  debug_display_settings           [   0.18685] color: 32 (rgba 8880), depth: 24, stencil: 8, acc: 0000, samples: 0/0
display  D   display_settings.c:398  _al_score_display_settings       [   0.18687] Single Buffer requirement not met.
display  D   display_settings.c:212  debug_display_settings           [   0.18689] color: 32 (rgba 8880), depth: 24, stencil: 8, acc: 0000, samples: 2/1
display  D   display_settings.c:398  _al_score_display_settings       [   0.18691] Single Buffer requirement not met.
display  D   display_settings.c:212  debug_display_settings           [   0.18693] color: 32 (rgba 8880), depth: 24, stencil: 8, acc: 0000, samples: 3/1
display  D   display_settings.c:398  _al_score_display_settings       [   0.18695] Single Buffer requirement not met.
display  D   display_settings.c:212  debug_display_settings           [   0.18697] color: 32 (rgba 8880), depth: 24, stencil: 8, acc: 0000, samples: 4/1
display  D   display_settings.c:398  _al_score_display_settings       [   0.18699] Single Buffer requirement not met.
display  D   display_settings.c:212  debug_display_settings           [   0.18701] color: 32 (rgba 8880), depth: 24, stencil: 0, acc: 0000, samples: 0/0
display  D   display_settings.c:398  _al_score_display_settings       [   0.18703] Single Buffer requirement not met.
display  D   display_settings.c:212  debug_display_settings           [   0.18705] color: 32 (rgba 8880), depth: 24, stencil: 0, acc: 0000, samples: 0/0
display  D   display_settings.c:398  _al_score_display_settings       [   0.18707] Single Buffer requirement not met.
display  D   display_settings.c:212  debug_display_settings           [   0.18709] color: 32 (rgba 8880), depth: 24, stencil: 0, acc: 0000, samples: 2/1
display  D   display_settings.c:398  _al_score_display_settings       [   0.18711] Single Buffer requirement not met.
display  D   display_settings.c:212  debug_display_settings           [   0.18717] color: 32 (rgba 8880), depth: 24, stencil: 0, acc: 0000, samples: 3/1
display  D   display_settings.c:398  _al_score_display_settings       [   0.18720] Single Buffer requirement not met.
display  D   display_settings.c:212  debug_display_settings           [   0.18722] color: 32 (rgba 8880), depth: 24, stencil: 0, acc: 0000, samples: 4/1
display  D   display_settings.c:398  _al_score_display_settings       [   0.18724] Single Buffer requirement not met.
display  D   display_settings.c:212  debug_display_settings           [   0.18726] color: 32 (rgba 8880), depth: 16, stencil: 0, acc: 0000, samples: 0/0
display  D   display_settings.c:398  _al_score_display_settings       [   0.18728] Single Buffer requirement not met.
display  D   display_settings.c:212  debug_display_settings           [   0.18730] color: 32 (rgba 8880), depth: 16, stencil: 0, acc: 0000, samples: 0/0
display  D   display_settings.c:398  _al_score_display_settings       [   0.18732] Single Buffer requirement not met.
display  D   display_settings.c:212  debug_display_settings           [   0.18734] color: 32 (rgba 8880), depth: 16, stencil: 0, acc: 0000, samples: 2/1
display  D   display_settings.c:398  _al_score_display_settings       [   0.18736] Single Buffer requirement not met.
display  D   display_settings.c:212  debug_display_settings           [   0.18738] color: 32 (rgba 8880), depth: 16, stencil: 0, acc: 0000, samples: 3/1
display  D   display_settings.c:398  _al_score_display_settings       [   0.18740] Single Buffer requirement not met.
display  D   display_settings.c:212  debug_display_settings           [   0.18742] color: 32 (rgba 8880), depth: 16, stencil: 0, acc: 0000, samples: 4/1
display  D   display_settings.c:398  _al_score_display_settings       [   0.18744] Single Buffer requirement not met.
display  D   display_settings.c:212  debug_display_settings           [   0.18746] color: 16 (rgba 5650), depth: 0, stencil: 0, acc: 0000, samples: 0/0
display  D   display_settings.c:398  _al_score_display_settings       [   0.18748] Single Buffer requirement not met.
display  D   display_settings.c:212  debug_display_settings           [   0.18750] color: 16 (rgba 5650), depth: 0, stencil: 0, acc: 0000, samples: 0/0
display  D   display_settings.c:398  _al_score_display_settings       [   0.18752] Single Buffer requirement not met.
display  D   display_settings.c:212  debug_display_settings           [   0.18754] color: 16 (rgba 5650), depth: 0, stencil: 0, acc: 0000, samples: 2/1
display  D   display_settings.c:398  _al_score_display_settings       [   0.18756] Single Buffer requirement not met.
display  D   display_settings.c:212  debug_display_settings           [   0.18758] color: 16 (rgba 5650), depth: 0, stencil: 0, acc: 0000, samples: 3/1
display  D   display_settings.c:398  _al_score_display_settings       [   0.18761] Single Buffer requirement not met.
display  D   display_settings.c:212  debug_display_settings           [   0.18762] color: 16 (rgba 5650), depth: 0, stencil: 0, acc: 0000, samples: 4/1
display  D   display_settings.c:398  _al_score_display_settings       [   0.18769] Single Buffer requirement not met.
display  D   display_settings.c:212  debug_display_settings           [   0.18772] color: 16 (rgba 5650), depth: 24, stencil: 8, acc: 0000, samples: 0/0
display  D   display_settings.c:398  _al_score_display_settings       [   0.18774] Single Buffer requirement not met.
display  D   display_settings.c:212  debug_display_settings           [   0.18776] color: 16 (rgba 5650), depth: 24, stencil: 8, acc: 0000, samples: 0/0
display  D   display_settings.c:398  _al_score_display_settings       [   0.18778] Single Buffer requirement not met.
display  D   display_settings.c:212  debug_display_settings           [   0.18780] color: 16 (rgba 5650), depth: 24, stencil: 8, acc: 0000, samples: 2/1
display  D   display_settings.c:398  _al_score_display_settings       [   0.18782] Single Buffer requirement not met.
display  D   display_settings.c:212  debug_display_settings           [   0.18789] color: 16 (rgba 5650), depth: 24, stencil: 8, acc: 0000, samples: 3/1
display  D   display_settings.c:398  _al_score_display_settings       [   0.18791] Single Buffer requirement not met.
display  D   display_settings.c:212  debug_display_settings           [   0.18793] color: 16 (rgba 5650), depth: 24, stencil: 8, acc: 0000, samples: 4/1
display  D   display_settings.c:398  _al_score_display_settings       [   0.18796] Single Buffer requirement not met.
display  D   display_settings.c:212  debug_display_settings           [   0.18797] color: 16 (rgba 5650), depth: 24, stencil: 0, acc: 0000, samples: 0/0
display  D   display_settings.c:398  _al_score_display_settings       [   0.18800] Single Buffer requirement not met.
display  D   display_settings.c:212  debug_display_settings           [   0.18801] color: 16 (rgba 5650), depth: 24, stencil: 0, acc: 0000, samples: 0/0
display  D   display_settings.c:398  _al_score_display_settings       [   0.18804] Single Buffer requirement not met.
display  D   display_settings.c:212  debug_display_settings           [   0.18805] color: 16 (rgba 5650), depth: 24, stencil: 0, acc: 0000, samples: 2/1
display  D   display_settings.c:398  _al_score_display_settings       [   0.18808] Single Buffer requirement not met.
display  D   display_settings.c:212  debug_display_settings           [   0.18809] color: 16 (rgba 5650), depth: 24, stencil: 0, acc: 0000, samples: 3/1
display  D   display_settings.c:398  _al_score_display_settings       [   0.18812] Single Buffer requirement not met.
display  D   display_settings.c:212  debug_display_settings           [   0.18813] color: 16 (rgba 5650), depth: 24, stencil: 0, acc: 0000, samples: 4/1
display  D   display_settings.c:398  _al_score_display_settings       [   0.18816] Single Buffer requirement not met.
display  D   display_settings.c:212  debug_display_settings           [   0.18817] color: 16 (rgba 5650), depth: 16, stencil: 0, acc: 0000, samples: 0/0
display  D   display_settings.c:398  _al_score_display_settings       [   0.18820] Single Buffer requirement not met.
display  D   display_settings.c:212  debug_display_settings           [   0.18821] color: 16 (rgba 5650), depth: 16, stencil: 0, acc: 0000, samples: 0/0
display  D   display_settings.c:398  _al_score_display_settings       [   0.18824] Single Buffer requirement not met.
display  D   display_settings.c:212  debug_display_settings           [   0.18826] color: 16 (rgba 5650), depth: 16, stencil: 0, acc: 0000, samples: 2/1
display  D   display_settings.c:398  _al_score_display_settings       [   0.18828] Single Buffer requirement not met.
display  D   display_settings.c:212  debug_display_settings           [   0.18830] color: 16 (rgba 5650), depth: 16, stencil: 0, acc: 0000, samples: 3/1
display  D   display_settings.c:398  _al_score_display_settings       [   0.18832] Single Buffer requirement not met.
display  D   display_settings.c:212  debug_display_settings           [   0.18834] color: 16 (rgba 5650), depth: 16, stencil: 0, acc: 0000, samples: 4/1
display  D   display_settings.c:398  _al_score_display_settings       [   0.18836] Single Buffer requirement not met.
d3d      D         d3d_disp.cpp:1668 d3d_create_display_internals     [   0.18842] Trying format 0.
d3d      I         d3d_disp.cpp:1344 d3d_display_thread_proc          [   0.20612] Chose a display format: 23
d3d      I         d3d_disp.cpp:1413 d3d_display_thread_proc          [   0.20619] Normal window.
d3d      I         d3d_disp.cpp:781  d3d_create_device                [   0.23027] Using no depth stencil buffer
d3d      D         d3d_disp.cpp:839  d3d_create_device                [   0.27064] BeginScene succeeded in create_device
d3d      D         d3d_disp.cpp:847  d3d_create_device                [   0.27068] Success
d3d      D         d3d_disp.cpp:1691 d3d_create_display_internals     [   0.27071] Resumed after wait.
d3d      I         d3d_disp.cpp:1724 d3d_create_display_internals     [   0.27083] Format 0 succeeded.
d3d      D         d3d_disp.cpp:1755 d3d_create_display_internals     [   0.27087] Returning d3d_display: 03037840
d3d      D         d3d_disp.cpp:1780 d3d_create_display_locked        [   0.27089] al_display=03037840
d3d      D         d3d_disp.cpp:1781 d3d_create_display_locked        [   0.27091] al_display->vt=03011318
system   D            wsystem.c:738  maybe_parent_dir                 [   0.27106] Also searching C:\Users\alesegdia\phackman\build\
system   D            wsystem.c:788  _al_win_safe_load_library        [   0.27129] PathFindOnPath found: C:\WINDOWS\system32\d3dx9_43.dll
system   D            wsystem.c:699  load_library_at_path             [   0.27131] Calling LoadLibrary C:\WINDOWS\system32\d3dx9_43.dll
system   I            wsystem.c:702  load_library_at_path             [   0.27758] Loaded C:\WINDOWS\system32\d3dx9_43.dll
d3dx9    I        d3d_d3dx9.cpp:88   _imp_load_d3dx9_module_version   [   0.27764] Module "d3dx9_43.dll" loaded.
dtor     D               dtor.c:196  _al_register_destructor          [   0.27777] added dtor for queue 02F882D0, func 0F4D23A1
audio-dsound D           dsound.cpp:311  _dsound_allocate_voice           [   0.27782] Allocating voice
audio-dsound D           dsound.cpp:370  _dsound_allocate_voice           [   0.27784] Allocated voice
dtor     D               dtor.c:196  _al_register_destructor          [   0.27786] added dtor for voice 05A801F0, func 0FA2118B
dtor     D               dtor.c:196  _al_register_destructor          [   0.27790] added dtor for mixer 05B8EC40, func 0FA21208
audio-dsound D           dsound.cpp:466  _dsound_start_voice              [   0.27792] Starting voice
audio-dsound D           dsound.cpp:494  _dsound_start_voice              [   0.27794] CreateSoundBuffer
audio-dsound D           dsound.cpp:502  _dsound_start_voice              [   0.28005] CreateSoundBuffer succeeded
audio-dsound D           dsound.cpp:508  _dsound_start_voice              [   0.28010] Starting _dsound_update thread
audio-dsound I           dsound.cpp:518  _dsound_start_voice              [   0.28074] Voice started
dtor     D               dtor.c:196  _al_register_destructor          [   0.28079] added dtor for sample_instance 05B8ED70, func 0FA214D3
audio    D          kcm_mixer.c:121  _al_rechannel_matrix             [   0.28082] sample matrix:
audio    D          kcm_mixer.c:127  _al_rechannel_matrix             [   0.28084] 
audio    D          kcm_mixer.c:127  _al_rechannel_matrix             [   0.28086] 
dtor     D               dtor.c:196  _al_register_destructor          [   0.28088] added dtor for sample_instance 05B8EE80, func 0FA214D3
audio    D          kcm_mixer.c:121  _al_rechannel_matrix             [   0.28090] sample matrix:
audio    D          kcm_mixer.c:127  _al_rechannel_matrix             [   0.28092] 
audio    D          kcm_mixer.c:127  _al_rechannel_matrix             [   0.28094] 
dtor     D               dtor.c:196  _al_register_destructor          [   0.28096] added dtor for sample_instance 0C535D48, func 0FA214D3
audio    D          kcm_mixer.c:121  _al_rechannel_matrix             [   0.28098] sample matrix:
audio    D          kcm_mixer.c:127  _al_rechannel_matrix             [   0.28099] 
audio    D          kcm_mixer.c:127  _al_rechannel_matrix             [   0.28101] 
stdio    D         file_stdio.c:110  file_stdio_fopen                 [   0.28238] opening assets/phakman-sheet.png rb
d3d      D         d3d_disp.cpp:1188 real_choose_bitmap_format        [   0.28269] Fake format
d3d      D         d3d_disp.cpp:1188 real_choose_bitmap_format        [   0.28272] Fake format
d3d      D         d3d_disp.cpp:1188 real_choose_bitmap_format        [   0.28273] Fake format
d3d      D         d3d_disp.cpp:1188 real_choose_bitmap_format        [   0.28275] Fake format
d3d      D         d3d_disp.cpp:1188 real_choose_bitmap_format        [   0.28276] Fake format
d3d      D         d3d_disp.cpp:1188 real_choose_bitmap_format        [   0.28278] Fake format
d3d      D         d3d_disp.cpp:1188 real_choose_bitmap_format        [   0.28284] Fake format
d3d      D         d3d_disp.cpp:1188 real_choose_bitmap_format        [   0.28287] Fake format
d3d      D         d3d_disp.cpp:1188 real_choose_bitmap_format        [   0.28288] Fake format
d3d      D         d3d_disp.cpp:1196 real_choose_bitmap_format        [   0.28290] Alpha doesn't match
d3d      D         d3d_disp.cpp:1203 real_choose_bitmap_format        [   0.28291] Adapter format is 23
d3d      D         d3d_disp.cpp:1206 real_choose_bitmap_format        [   0.28293] Found a format
d3d      I         d3d_disp.cpp:2377 d3d_create_bitmap                [   0.28295] Chose bitmap format 9
dtor     D               dtor.c:196  _al_register_destructor          [   0.28344] added dtor for bitmap 0C54CEC0, func 0F4D2252
dtor     D               dtor.c:196  _al_register_destructor          [   0.28411] added dtor for sub_bitmap 0C54D038, func 0F4D2252
dtor     D               dtor.c:196  _al_register_destructor          [   0.28415] added dtor for sub_bitmap 0C54D1B0, func 0F4D2252
dtor     D               dtor.c:196  _al_register_destructor          [   0.28417] added dtor for sub_bitmap 0C54D328, func 0F4D2252
dtor     D               dtor.c:196  _al_register_destructor          [   0.28419] added dtor for sub_bitmap 0C54D4A0, func 0F4D2252
dtor     D               dtor.c:196  _al_register_destructor          [   0.28422] added dtor for sub_bitmap 0C54D618, func 0F4D2252
dtor     D               dtor.c:196  _al_register_destructor          [   0.28424] added dtor for sub_bitmap 0C54D790, func 0F4D2252
dtor     D               dtor.c:196  _al_register_destructor          [   0.28426] added dtor for sub_bitmap 0C54D908, func 0F4D2252
dtor     D               dtor.c:196  _al_register_destructor          [   0.28428] added dtor for sub_bitmap 0C54DA80, func 0F4D2252
dtor     D               dtor.c:196  _al_register_destructor          [   0.28430] added dtor for sub_bitmap 0C54DE38, func 0F4D2252
dtor     D               dtor.c:196  _al_register_destructor          [   0.28433] added dtor for sub_bitmap 0C54DFB0, func 0F4D2252
dtor     D               dtor.c:196  _al_register_destructor          [   0.28435] added dtor for sub_bitmap 0C54E328, func 0F4D2252
dtor     D               dtor.c:196  _al_register_destructor          [   0.28437] added dtor for sub_bitmap 0C54FBB0, func 0F4D2252
dtor     D               dtor.c:196  _al_register_destructor          [   0.28440] added dtor for sub_bitmap 0C54FD28, func 0F4D2252
dtor     D               dtor.c:196  _al_register_destructor          [   0.28442] added dtor for sub_bitmap 0C550190, func 0F4D2252
dtor     D               dtor.c:196  _al_register_destructor          [   0.28444] added dtor for sub_bitmap 0C550770, func 0F4D2252
stdio    D         file_stdio.c:110  file_stdio_fopen                 [   0.28446] opening assets/maptiles.png rb
d3d      D         d3d_disp.cpp:1188 real_choose_bitmap_format        [   0.28469] Fake format
d3d      D         d3d_disp.cpp:1188 real_choose_bitmap_format        [   0.28472] Fake format
d3d      D         d3d_disp.cpp:1188 real_choose_bitmap_format        [   0.28473] Fake format
d3d      D         d3d_disp.cpp:1188 real_choose_bitmap_format        [   0.28475] Fake format
d3d      D         d3d_disp.cpp:1188 real_choose_bitmap_format        [   0.28477] Fake format
d3d      D         d3d_disp.cpp:1188 real_choose_bitmap_format        [   0.28478] Fake format
d3d      D         d3d_disp.cpp:1188 real_choose_bitmap_format        [   0.28480] Fake format
d3d      D         d3d_disp.cpp:1188 real_choose_bitmap_format        [   0.28481] Fake format
d3d      D         d3d_disp.cpp:1188 real_choose_bitmap_format        [   0.28483] Fake format
d3d      D         d3d_disp.cpp:1196 real_choose_bitmap_format        [   0.28484] Alpha doesn't match
d3d      D         d3d_disp.cpp:1203 real_choose_bitmap_format        [   0.28486] Adapter format is 23
d3d      D         d3d_disp.cpp:1206 real_choose_bitmap_format        [   0.28493] Found a format
d3d      I         d3d_disp.cpp:2377 d3d_create_bitmap                [   0.28495] Chose bitmap format 9
dtor     D               dtor.c:196  _al_register_destructor          [   0.28525] added dtor for bitmap 0C550018, func 0F4D2252
dtor     D               dtor.c:196  _al_register_destructor          [   0.28588] added dtor for sub_bitmap 0C550308, func 0F4D2252
dtor     D               dtor.c:196  _al_register_destructor          [   0.28591] added dtor for sub_bitmap 0C5505F8, func 0F4D2252
dtor     D               dtor.c:196  _al_register_destructor          [   0.28594] added dtor for sub_bitmap 0C54FEA0, func 0F4D2252
dtor     D               dtor.c:196  _al_register_destructor          [   0.28596] added dtor for sub_bitmap 0C550480, func 0F4D2252
dtor     D               dtor.c:196  _al_register_destructor          [   0.28598] added dtor for sub_bitmap 0C54FA38, func 0F4D2252
dtor     D               dtor.c:196  _al_register_destructor          [   0.28601] added dtor for sub_bitmap 0C5D9628, func 0F4D2252
dtor     D               dtor.c:196  _al_register_destructor          [   0.28603] added dtor for sub_bitmap 0C5D9338, func 0F4D2252
dtor     D               dtor.c:196  _al_register_destructor          [   0.28605] added dtor for sub_bitmap 0C5D8A68, func 0F4D2252
dtor     D               dtor.c:196  _al_register_destructor          [   0.28608] added dtor for sub_bitmap 0C5D8778, func 0F4D2252
dtor     D               dtor.c:196  _al_register_destructor          [   0.28610] added dtor for sub_bitmap 0C5D9C08, func 0F4D2252
dtor     D               dtor.c:196  _al_register_destructor          [   0.28612] added dtor for sub_bitmap 0C5D8600, func 0F4D2252
dtor     D               dtor.c:196  _al_register_destructor          [   0.28614] added dtor for sub_bitmap 0C5D9918, func 0F4D2252
dtor     D               dtor.c:196  _al_register_destructor          [   0.28616] added dtor for sub_bitmap 0C5D9EF8, func 0F4D2252
dtor     D               dtor.c:196  _al_register_destructor          [   0.28618] added dtor for sub_bitmap 0C5D9A90, func 0F4D2252
dtor     D               dtor.c:196  _al_register_destructor          [   0.28620] added dtor for sub_bitmap 0C5DA360, func 0F4D2252
dtor     D               dtor.c:196  _al_register_destructor          [   0.28623] added dtor for sub_bitmap 0C5D9048, func 0F4D2252
dtor     D               dtor.c:196  _al_register_destructor          [   0.28625] added dtor for sub_bitmap 0C5D9D80, func 0F4D2252
dtor     D               dtor.c:196  _al_register_destructor          [   0.28627] added dtor for sub_bitmap 0C5DA070, func 0F4D2252
dtor     D               dtor.c:196  _al_register_destructor          [   0.28629] added dtor for sub_bitmap 0C5DA1E8, func 0F4D2252
dtor     D               dtor.c:196  _al_register_destructor          [   0.28631] added dtor for sub_bitmap 0C5D88F0, func 0F4D2252
dtor     D               dtor.c:196  _al_register_destructor          [   0.28633] added dtor for sub_bitmap 0C5D8BE0, func 0F4D2252
dtor     D               dtor.c:196  _al_register_destructor          [   0.28635] added dtor for sub_bitmap 0C5D8D58, func 0F4D2252
dtor     D               dtor.c:196  _al_register_destructor          [   0.28638] added dtor for sub_bitmap 0C5D91C0, func 0F4D2252
dtor     D               dtor.c:196  _al_register_destructor          [   0.28640] added dtor for sub_bitmap 0C5D8ED0, func 0F4D2252
dtor     D               dtor.c:196  _al_register_destructor          [   0.28642] added dtor for sub_bitmap 0C5D94B0, func 0F4D2252
dtor     D               dtor.c:196  _al_register_destructor          [   0.28644] added dtor for sub_bitmap 0C5D97A0, func 0F4D2252
dtor     D               dtor.c:196  _al_register_destructor          [   0.28646] added dtor for sub_bitmap 0C5DBA98, func 0F4D2252
dtor     D               dtor.c:196  _al_register_destructor          [   0.28649] added dtor for sub_bitmap 0C5DA780, func 0F4D2252
dtor     D               dtor.c:196  _al_register_destructor          [   0.28651] added dtor for sub_bitmap 0C5DB1C8, func 0F4D2252
dtor     D               dtor.c:196  _al_register_destructor          [   0.28654] added dtor for sub_bitmap 0C5DBF00, func 0F4D2252
dtor     D               dtor.c:196  _al_register_destructor          [   0.28656] added dtor for sub_bitmap 0C5DAA70, func 0F4D2252
dtor     D               dtor.c:196  _al_register_destructor          [   0.28658] added dtor for sub_bitmap 0C5DABE8, func 0F4D2252
dtor     D               dtor.c:196  _al_register_destructor          [   0.28661] added dtor for sub_bitmap 0C5DBC10, func 0F4D2252
dtor     D               dtor.c:196  _al_register_destructor          [   0.28663] added dtor for sub_bitmap 0C5DB630, func 0F4D2252
dtor     D               dtor.c:196  _al_register_destructor          [   0.28665] added dtor for sub_bitmap 0C5DAD60, func 0F4D2252
dtor     D               dtor.c:196  _al_register_destructor          [   0.28668] added dtor for sub_bitmap 0C5DB340, func 0F4D2252
dtor     D               dtor.c:196  _al_register_destructor          [   0.28670] added dtor for sub_bitmap 0C5DB4B8, func 0F4D2252
dtor     D               dtor.c:196  _al_register_destructor          [   0.28672] added dtor for sub_bitmap 0C5DB920, func 0F4D2252
dtor     D               dtor.c:196  _al_register_destructor          [   0.28674] added dtor for sub_bitmap 0C5DBD88, func 0F4D2252
dtor     D               dtor.c:196  _al_register_destructor          [   0.28677] added dtor for sub_bitmap 0C5DC078, func 0F4D2252
dtor     D               dtor.c:196  _al_register_destructor          [   0.28679] added dtor for sub_bitmap 0C5DC1F0, func 0F4D2252
dtor     D               dtor.c:196  _al_register_destructor          [   0.28681] added dtor for sub_bitmap 0C5DAED8, func 0F4D2252
dtor     D               dtor.c:196  _al_register_destructor          [   0.28683] added dtor for sub_bitmap 0C5DA608, func 0F4D2252
dtor     D               dtor.c:196  _al_register_destructor          [   0.28685] added dtor for sub_bitmap 0C5DC368, func 0F4D2252
dtor     D               dtor.c:196  _al_register_destructor          [   0.28688] added dtor for sub_bitmap 0C5DB050, func 0F4D2252
dtor     D               dtor.c:196  _al_register_destructor          [   0.28690] added dtor for sub_bitmap 0C5DA8F8, func 0F4D2252
dtor     D               dtor.c:196  _al_register_destructor          [   0.28692] added dtor for sub_bitmap 0C5DB7A8, func 0F4D2252
dtor     D               dtor.c:196  _al_register_destructor          [   0.28695] added dtor for sub_bitmap 0C570DA0, func 0F4D2252
dtor     D               dtor.c:196  _al_register_destructor          [   0.28697] added dtor for sub_bitmap 0C56FC00, func 0F4D2252
dtor     D               dtor.c:196  _al_register_destructor          [   0.28699] added dtor for sub_bitmap 0C570C28, func 0F4D2252
dtor     D               dtor.c:196  _al_register_destructor          [   0.28701] added dtor for sub_bitmap 0C5701E0, func 0F4D2252
dtor     D               dtor.c:196  _al_register_destructor          [   0.28704] added dtor for sub_bitmap 0C5704D0, func 0F4D2252
dtor     D               dtor.c:196  _al_register_destructor          [   0.28706] added dtor for sub_bitmap 0C56F620, func 0F4D2252
dtor     D               dtor.c:196  _al_register_destructor          [   0.28708] added dtor for sub_bitmap 0C56FEF0, func 0F4D2252
dtor     D               dtor.c:196  _al_register_destructor          [   0.28711] added dtor for sub_bitmap 0C56F4A8, func 0F4D2252
dtor     D               dtor.c:196  _al_register_destructor          [   0.28714] added dtor for sub_bitmap 0C570AB0, func 0F4D2252
dtor     D               dtor.c:196  _al_register_destructor          [   0.28716] added dtor for sub_bitmap 0C56F910, func 0F4D2252
dtor     D               dtor.c:196  _al_register_destructor          [   0.28718] added dtor for sub_bitmap 0C570358, func 0F4D2252
dtor     D               dtor.c:196  _al_register_destructor          [   0.28721] added dtor for sub_bitmap 0C56FA88, func 0F4D2252
dtor     D               dtor.c:196  _al_register_destructor          [   0.28724] added dtor for sub_bitmap 0C56FD78, func 0F4D2252
dtor     D               dtor.c:196  _al_register_destructor          [   0.28726] added dtor for sub_bitmap 0C570068, func 0F4D2252
dtor     D               dtor.c:196  _al_register_destructor          [   0.28728] added dtor for sub_bitmap 0C570648, func 0F4D2252
dtor     D               dtor.c:196  _al_register_destructor          [   0.28731] added dtor for sub_bitmap 0C570F18, func 0F4D2252
dtor     D               dtor.c:196  _al_register_destructor          [   0.28733] added dtor for sub_bitmap 0C571090, func 0F4D2252
dtor     D               dtor.c:196  _al_register_destructor          [   0.28736] added dtor for sub_bitmap 0C56F798, func 0F4D2252
dtor     D               dtor.c:196  _al_register_destructor          [   0.28738] added dtor for sub_bitmap 0C5707C0, func 0F4D2252
dtor     D               dtor.c:196  _al_register_destructor          [   0.28740] added dtor for sub_bitmap 0C570938, func 0F4D2252
dtor     D               dtor.c:196  _al_register_destructor          [   0.28743] added dtor for sub_bitmap 0C56F330, func 0F4D2252
dtor     D               dtor.c:196  _al_register_destructor          [   0.28746] added dtor for sub_bitmap 0C573C38, func 0F4D2252
dtor     D               dtor.c:196  _al_register_destructor          [   0.28748] added dtor for sub_bitmap 0C573AC0, func 0F4D2252
dtor     D               dtor.c:196  _al_register_destructor          [   0.28750] added dtor for sub_bitmap 0C5731F0, func 0F4D2252
dtor     D               dtor.c:196  _al_register_destructor          [   0.28753] added dtor for sub_bitmap 0C572340, func 0F4D2252
dtor     D               dtor.c:196  _al_register_destructor          [   0.28755] added dtor for sub_bitmap 0C572A98, func 0F4D2252
dtor     D               dtor.c:196  _al_register_destructor          [   0.28757] added dtor for sub_bitmap 0C573368, func 0F4D2252
dtor     D               dtor.c:196  _al_register_destructor          [   0.28759] added dtor for sub_bitmap 0C572920, func 0F4D2252
dtor     D               dtor.c:196  _al_register_destructor          [   0.28762] added dtor for sub_bitmap 0C572630, func 0F4D2252
dtor     D               dtor.c:196  _al_register_destructor          [   0.28764] added dtor for sub_bitmap 0C573F28, func 0F4D2252
dtor     D               dtor.c:196  _al_register_destructor          [   0.28766] added dtor for sub_bitmap 0C573DB0, func 0F4D2252
dtor     D               dtor.c:196  _al_register_destructor          [   0.28769] added dtor for sub_bitmap 0C572F00, func 0F4D2252
dtor     D               dtor.c:196  _al_register_destructor          [   0.28771] added dtor for sub_bitmap 0C5740A0, func 0F4D2252
dtor     D               dtor.c:196  _al_register_destructor          [   0.28773] added dtor for sub_bitmap 0C5734E0, func 0F4D2252
dtor     D               dtor.c:196  _al_register_destructor          [   0.28775] added dtor for sub_bitmap 0C5724B8, func 0F4D2252
dtor     D               dtor.c:196  _al_register_destructor          [   0.28777] added dtor for sub_bitmap 0C573658, func 0F4D2252
dtor     D               dtor.c:196  _al_register_destructor          [   0.28780] added dtor for sub_bitmap 0C5727A8, func 0F4D2252
dtor     D               dtor.c:196  _al_register_destructor          [   0.28782] added dtor for sub_bitmap 0C572C10, func 0F4D2252
dtor     D               dtor.c:196  _al_register_destructor          [   0.28784] added dtor for sub_bitmap 0C5737D0, func 0F4D2252
dtor     D               dtor.c:196  _al_register_destructor          [   0.28786] added dtor for sub_bitmap 0C572D88, func 0F4D2252
dtor     D               dtor.c:196  _al_register_destructor          [   0.28788] added dtor for sub_bitmap 0C573078, func 0F4D2252
dtor     D               dtor.c:196  _al_register_destructor          [   0.28791] added dtor for sub_bitmap 0C573948, func 0F4D2252
dtor     D               dtor.c:196  _al_register_destructor          [   0.28793] added dtor for sub_bitmap 0C5754E8, func 0F4D2252
stdio    D         file_stdio.c:110  file_stdio_fopen                 [   0.28796] opening assets/enemysheet.png rb
d3d      D         d3d_disp.cpp:1188 real_choose_bitmap_format        [   0.28814] Fake format
d3d      D         d3d_disp.cpp:1188 real_choose_bitmap_format        [   0.28816] Fake format
d3d      D         d3d_disp.cpp:1188 real_choose_bitmap_format        [   0.28818] Fake format
d3d      D         d3d_disp.cpp:1188 real_choose_bitmap_format        [   0.28819] Fake format
d3d      D         d3d_disp.cpp:1188 real_choose_bitmap_format        [   0.28821] Fake format
d3d      D         d3d_disp.cpp:1188 real_choose_bitmap_format        [   0.28822] Fake format
d3d      D         d3d_disp.cpp:1188 real_choose_bitmap_format        [   0.28824] Fake format
d3d      D         d3d_disp.cpp:1188 real_choose_bitmap_format        [   0.28825] Fake format
d3d      D         d3d_disp.cpp:1188 real_choose_bitmap_format        [   0.28827] Fake format
d3d      D         d3d_disp.cpp:1196 real_choose_bitmap_format        [   0.28829] Alpha doesn't match
d3d      D         d3d_disp.cpp:1203 real_choose_bitmap_format        [   0.28830] Adapter format is 23
d3d      D         d3d_disp.cpp:1206 real_choose_bitmap_format        [   0.28832] Found a format
d3d      I         d3d_disp.cpp:2377 d3d_create_bitmap                [   0.28834] Chose bitmap format 9
dtor     D               dtor.c:196  _al_register_destructor          [   0.28882] added dtor for bitmap 0C5757D8, func 0F4D2252
dtor     D               dtor.c:196  _al_register_destructor          [   0.28912] added dtor for sub_bitmap 0C575950, func 0F4D2252
dtor     D               dtor.c:196  _al_register_destructor          [   0.28916] added dtor for sub_bitmap 0C575C40, func 0F4D2252
dtor     D               dtor.c:196  _al_register_destructor          [   0.28918] added dtor for sub_bitmap 0C574D90, func 0F4D2252
dtor     D               dtor.c:196  _al_register_destructor          [   0.28921] added dtor for sub_bitmap 0C574AA0, func 0F4D2252
dtor     D               dtor.c:196  _al_register_destructor          [   0.28923] added dtor for sub_bitmap 0C575DB8, func 0F4D2252
dtor     D               dtor.c:196  _al_register_destructor          [   0.28925] added dtor for sub_bitmap 0C574348, func 0F4D2252
dtor     D               dtor.c:196  _al_register_destructor          [   0.28927] added dtor for sub_bitmap 0C574928, func 0F4D2252
dtor     D               dtor.c:196  _al_register_destructor          [   0.28930] added dtor for sub_bitmap 0C575660, func 0F4D2252
stdio    D         file_stdio.c:110  file_stdio_fopen                 [   0.28932] opening assets/turrets.png rb
d3d      D         d3d_disp.cpp:1188 real_choose_bitmap_format        [   0.28947] Fake format
d3d      D         d3d_disp.cpp:1188 real_choose_bitmap_format        [   0.28949] Fake format
d3d      D         d3d_disp.cpp:1188 real_choose_bitmap_format        [   0.28951] Fake format
d3d      D         d3d_disp.cpp:1188 real_choose_bitmap_format        [   0.28952] Fake format
d3d      D         d3d_disp.cpp:1188 real_choose_bitmap_format        [   0.28954] Fake format
d3d      D         d3d_disp.cpp:1188 real_choose_bitmap_format        [   0.28956] Fake format
d3d      D         d3d_disp.cpp:1188 real_choose_bitmap_format        [   0.28957] Fake format
d3d      D         d3d_disp.cpp:1188 real_choose_bitmap_format        [   0.28959] Fake format
d3d      D         d3d_disp.cpp:1188 real_choose_bitmap_format        [   0.28960] Fake format
d3d      D         d3d_disp.cpp:1196 real_choose_bitmap_format        [   0.28962] Alpha doesn't match
d3d      D         d3d_disp.cpp:1203 real_choose_bitmap_format        [   0.28964] Adapter format is 23
d3d      D         d3d_disp.cpp:1206 real_choose_bitmap_format        [   0.28965] Found a format
d3d      I         d3d_disp.cpp:2377 d3d_create_bitmap                [   0.28967] Chose bitmap format 9
dtor     D               dtor.c:196  _al_register_destructor          [   0.28994] added dtor for bitmap 0C574C18, func 0F4D2252
dtor     D               dtor.c:196  _al_register_destructor          [   0.29034] added dtor for sub_bitmap 0C574F08, func 0F4D2252
dtor     D               dtor.c:196  _al_register_destructor          [   0.29037] added dtor for sub_bitmap 0C575370, func 0F4D2252
dtor     D               dtor.c:196  _al_register_destructor          [   0.29040] added dtor for sub_bitmap 0C575080, func 0F4D2252
dtor     D               dtor.c:196  _al_register_destructor          [   0.29042] added dtor for sub_bitmap 0C575F30, func 0F4D2252
dtor     D               dtor.c:196  _al_register_destructor          [   0.29044] added dtor for sub_bitmap 0C5760A8, func 0F4D2252
dtor     D               dtor.c:196  _al_register_destructor          [   0.29046] added dtor for sub_bitmap 0C5744C0, func 0F4D2252
dtor     D               dtor.c:196  _al_register_destructor          [   0.29049] added dtor for sub_bitmap 0C575AC8, func 0F4D2252
dtor     D               dtor.c:196  _al_register_destructor          [   0.29051] added dtor for sub_bitmap 0C5751F8, func 0F4D2252
d3d      D          d3d_bmp.cpp:539  _al_d3d_sync_bitmap              [   0.49146] _al_d3d_sync_bitmap (system) ref count == 1
d3d      D          d3d_bmp.cpp:545  _al_d3d_sync_bitmap              [   0.49151] _al_d3d_sync_bitmap (video) ref count == 1
d3d      D          d3d_bmp.cpp:539  _al_d3d_sync_bitmap              [   0.49186] _al_d3d_sync_bitmap (system) ref count == 1
d3d      D          d3d_bmp.cpp:545  _al_d3d_sync_bitmap              [   0.49189] _al_d3d_sync_bitmap (video) ref count == 1
d3d      D          d3d_bmp.cpp:539  _al_d3d_sync_bitmap              [   0.49240] _al_d3d_sync_bitmap (system) ref count == 1
d3d      D          d3d_bmp.cpp:545  _al_d3d_sync_bitmap              [   0.49245] _al_d3d_sync_bitmap (video) ref count == 1
d3d      D          d3d_bmp.cpp:539  _al_d3d_sync_bitmap              [   0.49257] _al_d3d_sync_bitmap (system) ref count == 1
d3d      D          d3d_bmp.cpp:545  _al_d3d_sync_bitmap              [   0.49259] _al_d3d_sync_bitmap (video) ref count == 1
